{
  "RSpec": {
    "coverage": {
      "/Users/spaek14/Desktop/Projects/bnb/spec/setup_database.rb": [
        1,
        null,
        1,
        28,
        28,
        null
      ],
      "/Users/spaek14/Desktop/Projects/bnb/spec/database_helper.rb": [
        1,
        1,
        4,
        null
      ],
      "/Users/spaek14/Desktop/Projects/bnb/lib/database_connection.rb": [
        1,
        null,
        1,
        1,
        3,
        null,
        null,
        1,
        247,
        null,
        null
      ],
      "/Users/spaek14/Desktop/Projects/bnb/spec/features/helpers.rb": [
        1,
        7,
        7,
        7,
        7,
        7,
        null,
        null,
        1,
        3,
        3,
        3,
        3,
        3,
        null,
        null,
        1,
        3,
        3,
        3,
        3,
        3,
        3,
        3,
        null,
        null,
        1,
        3,
        3,
        3,
        3,
        3,
        null,
        null,
        1,
        0,
        0,
        0,
        0,
        0,
        null,
        null,
        1,
        6,
        6,
        null,
        null,
        1,
        3,
        3,
        3,
        null,
        null,
        1,
        2,
        2,
        2,
        2,
        2,
        2,
        2,
        2,
        null
      ],
      "/Users/spaek14/Desktop/Projects/bnb/makersbnb.rb": [
        1,
        1,
        1,
        1,
        1,
        1,
        null,
        1,
        108,
        null,
        1,
        1,
        null,
        1,
        21,
        null,
        null,
        1,
        10,
        10,
        10,
        10,
        10,
        10,
        10,
        null,
        null,
        1,
        26,
        26,
        null,
        null,
        1,
        4,
        null,
        null,
        1,
        null,
        4,
        4,
        null,
        null,
        1,
        5,
        5,
        5,
        null,
        null,
        null,
        1,
        5,
        5,
        null,
        null,
        1,
        5,
        5,
        null,
        null,
        1,
        7,
        7,
        7,
        null,
        null,
        1,
        6,
        6,
        5,
        5,
        5,
        null,
        1,
        1,
        null,
        null,
        null,
        1,
        7,
        7,
        null,
        null,
        1,
        5,
        10,
        5,
        null,
        null,
        1,
        2,
        2,
        null,
        null,
        1,
        null
      ],
      "/Users/spaek14/Desktop/Projects/bnb/database_connection_setup.rb": [
        1,
        null,
        null,
        1,
        1,
        1,
        null,
        0,
        0,
        null
      ],
      "/Users/spaek14/Desktop/Projects/bnb/lib/user.rb": [
        1,
        null,
        1,
        1,
        null,
        1,
        97,
        97,
        97,
        null,
        null,
        1,
        27,
        27,
        27,
        null,
        null,
        1,
        64,
        64,
        null,
        null,
        1,
        10,
        10,
        8,
        6,
        null,
        null
      ],
      "/Users/spaek14/Desktop/Projects/bnb/lib/request.rb": [
        1,
        1,
        null,
        1,
        16,
        null,
        null,
        null,
        16,
        null,
        null,
        1,
        1,
        null,
        null,
        1,
        3,
        null,
        null,
        null,
        null,
        null,
        null,
        null,
        null,
        null,
        1,
        32,
        32,
        32,
        32,
        32,
        null,
        null,
        1,
        11,
        null,
        null,
        1,
        6,
        6,
        7,
        null,
        null,
        null,
        null,
        null,
        null,
        null,
        null,
        null,
        1,
        2,
        null,
        null,
        1,
        6,
        6,
        6,
        null,
        null,
        null,
        null,
        null,
        null,
        null,
        null,
        null
      ],
      "/Users/spaek14/Desktop/Projects/bnb/lib/space.rb": [
        1,
        1,
        null,
        null,
        1,
        1,
        null,
        20,
        20,
        20,
        null,
        20,
        null,
        null,
        1,
        27,
        null,
        27,
        21,
        null,
        null,
        null,
        1,
        17,
        17,
        null,
        null,
        null,
        1,
        6,
        6,
        6,
        null,
        null,
        null,
        1,
        null,
        1,
        64,
        64,
        64,
        64,
        64,
        64,
        64,
        64,
        null,
        null,
        1,
        5,
        5,
        null,
        null,
        1,
        5,
        5,
        null,
        null,
        1,
        0,
        null,
        null,
        null
      ],
      "/Users/spaek14/Desktop/Projects/bnb/spec/features/confirm_and_decline_request_spec.rb": [
        1,
        1,
        1,
        1,
        1,
        1,
        1,
        1,
        1,
        1,
        1,
        null,
        1,
        1,
        1,
        1,
        null,
        1,
        1,
        1,
        1,
        null,
        null,
        null
      ],
      "/Users/spaek14/Desktop/Projects/bnb/spec/features/create_a_space_spec.rb": [
        1,
        1,
        1,
        1,
        1,
        1,
        1,
        1,
        1,
        1,
        1,
        1,
        1,
        1,
        1,
        null,
        null
      ],
      "/Users/spaek14/Desktop/Projects/bnb/spec/features/date_picker_spec.rb": [
        1,
        1,
        1,
        1,
        1,
        null,
        1,
        1,
        1,
        null,
        1,
        1,
        1,
        null,
        null
      ],
      "/Users/spaek14/Desktop/Projects/bnb/spec/features/listing_multiple_spaces_spec.rb": [
        1,
        1,
        0,
        null,
        0,
        0,
        0,
        0,
        0,
        null,
        0,
        0,
        0,
        0,
        0,
        null,
        0,
        0,
        0,
        null,
        null
      ],
      "/Users/spaek14/Desktop/Projects/bnb/spec/features/send_a_booking_request_spec.rb": [
        1,
        1,
        1,
        null,
        1,
        1,
        null,
        1,
        1,
        1,
        null,
        1,
        1,
        1,
        null,
        null
      ],
      "/Users/spaek14/Desktop/Projects/bnb/spec/features/user_authentication_spec.rb": [
        1,
        1,
        1,
        1,
        1,
        1,
        1,
        1,
        null,
        1,
        1,
        1,
        1,
        1,
        1,
        1,
        null,
        1,
        1,
        1,
        1,
        1,
        1,
        1,
        1,
        null,
        null,
        null
      ],
      "/Users/spaek14/Desktop/Projects/bnb/spec/features/user_registration_spec.rb": [
        1,
        1,
        1,
        null,
        1,
        1,
        null,
        null
      ],
      "/Users/spaek14/Desktop/Projects/bnb/spec/models/database_connection_spec.rb": [
        1,
        1,
        1,
        1,
        1,
        null,
        null,
        null,
        1,
        1,
        1,
        1,
        1,
        null,
        null,
        null
      ],
      "/Users/spaek14/Desktop/Projects/bnb/spec/models/request_spec.rb": [
        1,
        1,
        1,
        1,
        1,
        1,
        1,
        null,
        1,
        1,
        1,
        null,
        null,
        null,
        1,
        1,
        1,
        1,
        1,
        1,
        1,
        1,
        1,
        null,
        1,
        1,
        1,
        null,
        null,
        null,
        1,
        1,
        1,
        1,
        1,
        1,
        null,
        null,
        1,
        1,
        1,
        1,
        1,
        1,
        null,
        1,
        1,
        1,
        1,
        null,
        null,
        1,
        1,
        1,
        1,
        1,
        1,
        1,
        1,
        1,
        1,
        null,
        null,
        null,
        1,
        1,
        1,
        1,
        1,
        1,
        1,
        1,
        1,
        1,
        null,
        1,
        1,
        1,
        null,
        null,
        null
      ],
      "/Users/spaek14/Desktop/Projects/bnb/spec/models/space_spec.rb": [
        1,
        1,
        null,
        1,
        1,
        1,
        1,
        1,
        1,
        1,
        1,
        1,
        null,
        1,
        1,
        1,
        1,
        1,
        1,
        1,
        null,
        null,
        null,
        1,
        1,
        1,
        1,
        1,
        null,
        1,
        null,
        1,
        1,
        1,
        1,
        1,
        null,
        null,
        null,
        1,
        1,
        1,
        1,
        null,
        1,
        1,
        1,
        1,
        null,
        null,
        null,
        1,
        1,
        1,
        1,
        null,
        1,
        1,
        1,
        1,
        1,
        null,
        null,
        null,
        null,
        null
      ],
      "/Users/spaek14/Desktop/Projects/bnb/spec/models/user_spec.rb": [
        1,
        null,
        1,
        1,
        1,
        1,
        1,
        1,
        null,
        null,
        null,
        1,
        1,
        1,
        1,
        1,
        1,
        1,
        null,
        null,
        null,
        1,
        1,
        1,
        1,
        1,
        1,
        1,
        null,
        null,
        1,
        1,
        1,
        1,
        null,
        1,
        1,
        1,
        1,
        null,
        1,
        1,
        1,
        1,
        null,
        null,
        null
      ]
    },
    "timestamp": 1614944376
  }
}
