{
  "RSpec": {
    "coverage": {
      "/Users/adamjonas/Projects/makers/week-5/makersbnb-ckaos/spec/setup_database.rb": [
        1,
        null,
        1,
        27,
        27,
        null
      ],
      "/Users/adamjonas/Projects/makers/week-5/makersbnb-ckaos/spec/database_helper.rb": [
        1,
        1,
        4,
        null
      ],
      "/Users/adamjonas/Projects/makers/week-5/makersbnb-ckaos/lib/database_connection.rb": [
        1,
        null,
        1,
        1,
        3,
        null,
        null,
        1,
        200,
        null,
        null
      ],
      "/Users/adamjonas/Projects/makers/week-5/makersbnb-ckaos/spec/features/helpers.rb": [
        1,
        7,
        7,
        7,
        7,
        7,
        null,
        null,
        1,
        3,
        3,
        3,
        3,
        3,
        null,
        null,
        1,
        3,
        3,
        3,
        3,
        3,
        null,
        null,
        1,
        3,
        3,
        3,
        3,
        3,
        null,
        null,
        1,
        0,
        0,
        0,
        0,
        0,
        null,
        null,
        1,
        6,
        6,
        null,
        null,
        1,
        3,
        3,
        3,
        null,
        null,
        1,
        2,
        2,
        2,
        2,
        2,
        2,
        2,
        2,
        null
      ],
      "/Users/adamjonas/Projects/makers/week-5/makersbnb-ckaos/makersbnb.rb": [
        1,
        1,
        1,
        1,
        1,
        1,
        null,
        1,
        108,
        null,
        1,
        1,
        null,
        1,
        21,
        null,
        null,
        1,
        10,
        10,
        10,
        10,
        10,
        10,
        10,
        null,
        null,
        1,
        26,
        26,
        null,
        null,
        1,
        4,
        null,
        null,
        1,
        4,
        4,
        4,
        null,
        null,
        1,
        5,
        5,
        null,
        null,
        null,
        1,
        5,
        5,
        null,
        null,
        1,
        5,
        5,
        null,
        null,
        1,
        7,
        7,
        7,
        null,
        null,
        1,
        6,
        6,
        5,
        5,
        5,
        null,
        1,
        1,
        null,
        null,
        null,
        1,
        7,
        7,
        null,
        null,
        1,
        5,
        5,
        10,
        5,
        null,
        null,
        1,
        2,
        2,
        null,
        null,
        1,
        null
      ],
      "/Users/adamjonas/Projects/makers/week-5/makersbnb-ckaos/database_connection_setup.rb": [
        1,
        null,
        null,
        1,
        1,
        1,
        null,
        0,
        0,
        null
      ],
      "/Users/adamjonas/Projects/makers/week-5/makersbnb-ckaos/lib/user.rb": [
        1,
        null,
        1,
        1,
        null,
        1,
        95,
        95,
        95,
        null,
        null,
        1,
        25,
        25,
        25,
        null,
        null,
        1,
        64,
        64,
        null,
        null,
        1,
        10,
        10,
        8,
        6,
        null,
        null
      ],
      "/Users/adamjonas/Projects/makers/week-5/makersbnb-ckaos/lib/request.rb": [
        1,
        1,
        null,
        1,
        14,
        null,
        null,
        null,
        14,
        null,
        null,
        1,
        6,
        null,
        null,
        6,
        8,
        null,
        null,
        null,
        null,
        null,
        null,
        null,
        null,
        null,
        1,
        29,
        29,
        29,
        29,
        29,
        null,
        null,
        1,
        11,
        null,
        null,
        1,
        6,
        6,
        7,
        null,
        null,
        null,
        null,
        null,
        null,
        null,
        null,
        null,
        1,
        2,
        null,
        null
      ],
      "/Users/adamjonas/Projects/makers/week-5/makersbnb-ckaos/lib/space.rb": [
        1,
        null,
        1,
        1,
        null,
        18,
        18,
        null,
        null,
        1,
        27,
        null,
        27,
        21,
        null,
        null,
        null,
        1,
        17,
        17,
        null,
        null,
        null,
        1,
        6,
        6,
        6,
        null,
        null,
        null,
        1,
        null,
        1,
        62,
        62,
        62,
        62,
        62,
        null,
        null
      ],
      "/Users/adamjonas/Projects/makers/week-5/makersbnb-ckaos/spec/features/confirm_and_decline_request_spec.rb": [
        1,
        1,
        1,
        1,
        1,
        1,
        1,
        1,
        1,
        1,
        1,
        null,
        1,
        1,
        1,
        1,
        null,
        1,
        1,
        1,
        1,
        null,
        null,
        null
      ],
      "/Users/adamjonas/Projects/makers/week-5/makersbnb-ckaos/spec/features/create_a_space_spec.rb": [
        1,
        1,
        1,
        1,
        1,
        1,
        1,
        1,
        1,
        1,
        1,
        1,
        null,
        null
      ],
      "/Users/adamjonas/Projects/makers/week-5/makersbnb-ckaos/spec/features/date_picker_spec.rb": [
        1,
        1,
        1,
        1,
        1,
        null,
        1,
        1,
        1,
        null,
        1,
        1,
        1,
        null,
        null,
        1,
        0,
        0,
        null,
        null
      ],
      "/Users/adamjonas/Projects/makers/week-5/makersbnb-ckaos/spec/features/listing_multiple_spaces_spec.rb": [
        1,
        1,
        0,
        null,
        0,
        0,
        0,
        0,
        0,
        null,
        0,
        0,
        0,
        0,
        0,
        null,
        0,
        0,
        0,
        null,
        null
      ],
      "/Users/adamjonas/Projects/makers/week-5/makersbnb-ckaos/spec/features/send_a_booking_request_spec.rb": [
        1,
        1,
        1,
        null,
        1,
        1,
        null,
        1,
        1,
        1,
        null,
        1,
        1,
        1,
        null,
        null
      ],
      "/Users/adamjonas/Projects/makers/week-5/makersbnb-ckaos/spec/features/user_authentication_spec.rb": [
        1,
        1,
        1,
        1,
        1,
        1,
        1,
        1,
        null,
        1,
        1,
        1,
        1,
        1,
        1,
        1,
        null,
        1,
        1,
        1,
        1,
        1,
        1,
        1,
        1,
        null,
        null,
        null
      ],
      "/Users/adamjonas/Projects/makers/week-5/makersbnb-ckaos/spec/features/user_registration_spec.rb": [
        1,
        1,
        1,
        null,
        1,
        1,
        null,
        null
      ],
      "/Users/adamjonas/Projects/makers/week-5/makersbnb-ckaos/spec/models/database_connection_spec.rb": [
        1,
        1,
        1,
        1,
        1,
        null,
        null,
        null,
        1,
        1,
        1,
        1,
        1,
        null,
        null,
        null
      ],
      "/Users/adamjonas/Projects/makers/week-5/makersbnb-ckaos/spec/models/request_spec.rb": [
        1,
        null,
        1,
        1,
        1,
        1,
        1,
        1,
        1,
        null,
        1,
        1,
        1,
        null,
        null,
        null,
        1,
        1,
        1,
        1,
        1,
        1,
        1,
        1,
        1,
        null,
        1,
        1,
        1,
        null,
        null,
        null,
        1,
        1,
        1,
        1,
        1,
        1,
        null,
        null,
        1,
        1,
        1,
        1,
        1,
        1,
        null,
        1,
        1,
        1,
        1,
        null,
        null,
        1,
        1,
        1,
        1,
        1,
        1,
        1,
        1,
        1,
        1,
        null,
        null,
        null
      ],
      "/Users/adamjonas/Projects/makers/week-5/makersbnb-ckaos/spec/models/space_spec.rb": [
        1,
        1,
        null,
        1,
        1,
        1,
        1,
        1,
        1,
        1,
        null,
        1,
        1,
        1,
        1,
        1,
        null,
        null,
        null,
        null,
        1,
        1,
        1,
        1,
        1,
        null,
        1,
        null,
        1,
        1,
        1,
        1,
        1,
        null,
        null,
        null,
        1,
        1,
        1,
        1,
        null,
        1,
        1,
        1,
        1,
        null,
        null,
        null,
        1,
        1,
        1,
        1,
        null,
        1,
        1,
        1,
        1,
        1,
        null,
        null,
        null,
        null,
        null
      ],
      "/Users/adamjonas/Projects/makers/week-5/makersbnb-ckaos/spec/models/user_spec.rb": [
        1,
        null,
        1,
        1,
        1,
        1,
        1,
        1,
        null,
        null,
        null,
        1,
        1,
        1,
        1,
        1,
        1,
        1,
        null,
        null,
        null,
        1,
        1,
        1,
        1,
        1,
        1,
        1,
        null,
        null,
        1,
        1,
        1,
        1,
        null,
        1,
        1,
        1,
        1,
        null,
        1,
        1,
        1,
        1,
        null,
        null,
        null
      ]
    },
    "timestamp": 1614887375
  }
}
